{"meta": {"version": "7.3.2", "timestamp": "2023-10-27T14:59:34.425961", "branch_coverage": false, "show_contexts": false}, "files": {"src/cortexapps_cli/__init__.py": {"executed_lines": [0], "summary": {"covered_lines": 0, "num_statements": 0, "percent_covered": 100.0, "percent_covered_display": "100", "missing_lines": 0, "excluded_lines": 0}, "missing_lines": [], "excluded_lines": []}, "src/cortexapps_cli/cortex.py": {"executed_lines": [3, 4, 5, 6, 7, 8, 9, 10, 11, 12, 13, 14, 15, 18, 19, 20, 21, 27, 28, 32, 35, 36, 40, 42, 46, 48, 53, 55, 56, 65, 66, 67, 72, 74, 75, 106, 107, 109, 110, 111, 112, 113, 117, 118, 120, 121, 123, 124, 125, 126, 127, 128, 129, 131, 133, 134, 143, 144, 153, 154, 163, 164, 173, 183, 184, 193, 194, 204, 205, 215, 216, 225, 226, 235, 236, 245, 246, 255, 256, 266, 267, 275, 276, 284, 285, 294, 295, 304, 305, 314, 315, 324, 325, 334, 335, 344, 345, 354, 355, 363, 364, 373, 374, 383, 384, 393, 394, 403, 413, 414, 423, 433, 434, 443, 444, 453, 454, 463, 464, 473, 474, 483, 484, 493, 494, 503, 504, 513, 514, 523, 524, 533, 534, 548, 549, 550, 551, 552, 554, 555, 556, 561, 562, 566, 567, 568, 569, 571, 572, 574, 575, 577, 578, 580, 581, 583, 584, 586, 587, 591, 592, 594, 595, 596, 597, 598, 600, 601, 604, 607, 608, 609, 611, 613, 614, 615, 616, 617, 618, 619, 621, 622, 627, 628, 629, 631, 632, 634, 635, 636, 637, 639, 758, 759, 760, 761, 763, 805, 806, 807, 809, 810, 811, 812, 813, 814, 815, 816, 818, 819, 820, 821, 823, 824, 826, 827, 837, 838, 845, 852, 854, 855, 856, 858, 859, 860, 861, 863, 866, 867, 868, 869, 871, 874, 875, 879, 880, 887, 894, 901, 909, 916, 924, 932, 934, 935, 937, 938, 939, 940, 948, 950, 951, 953, 954, 955, 962, 963, 964, 966, 967, 969, 970, 971, 972, 974, 975, 979, 980, 981, 983, 984, 985, 986, 987, 989, 990, 1029, 1030, 1031, 1032, 1034, 1035, 1036, 1038, 1039, 1040, 1041, 1042, 1044, 1045, 1046, 1048, 1049, 1050, 1051, 1052, 1054, 1057, 1058, 1059, 1060, 1062, 1063, 1065, 1066, 1067, 1068, 1069, 1071, 1072, 1076, 1077, 1078, 1080, 1081, 1082, 1083, 1084, 1085, 1087, 1088, 1111, 1112, 1113, 1115, 1116, 1117, 1119, 1120, 1121, 1122, 1123, 1124, 1126, 1127, 1129, 1130, 1131, 1132, 1133, 1134, 1136, 1137, 1139, 1140, 1141, 1142, 1143, 1145, 1146, 1148, 1149, 1150, 1151, 1152, 1154, 1155, 1157, 1158, 1159, 1160, 1161, 1162, 1164, 1165, 1166, 1170, 1177, 1183, 1187, 1193, 1197, 1202, 1207, 1208, 1209, 1211, 1212, 1213, 1214, 1215, 1216, 1217, 1218, 1219, 1220, 1221, 1222, 1223, 1224, 1228, 1229, 1230, 1232, 1233, 1234, 1235, 1236, 1237, 1238, 1239, 1241, 1242, 1255, 1256, 1257, 1258, 1259, 1260, 1262, 1263, 1264, 1266, 1267, 1290, 1291, 1293, 1294, 1295, 1297, 1298, 1299, 1300, 1301, 1302, 1303, 1305, 1306, 1308, 1309, 1310, 1311, 1313, 1314, 1316, 1317, 1340, 1341, 1343, 1344, 1345, 1347, 1348, 1349, 1350, 1351, 1352, 1353, 1355, 1356, 1358, 1359, 1360, 1361, 1362, 1363, 1365, 1366, 1368, 1369, 1370, 1371, 1372, 1373, 1374, 1375, 1377, 1378, 1379, 1383, 1384, 1385, 1387, 1388, 1389, 1390, 1391, 1393, 1394, 1395, 1396, 1397, 1399, 1400, 1401, 1403, 1404, 1405, 1406, 1408, 1409, 1411, 1412, 1413, 1414, 1415, 1416, 1417, 1419, 1420, 1422, 1423, 1424, 1426, 1427, 1429, 1430, 1431, 1432, 1433, 1434, 1436, 1437, 1441, 1442, 1443, 1445, 1447, 1448, 1485, 1486, 1487, 1488, 1490, 1491, 1495, 1496, 1497, 1499, 1500, 1501, 1503, 1504, 1505, 1506, 1508, 1509, 1511, 1512, 1513, 1514, 1516, 1517, 1519, 1520, 1521, 1522, 1523, 1525, 1526, 1527, 1531, 1532, 1533, 1534, 1535, 1536, 1538, 1539, 1540, 1541, 1542, 1544, 1545, 1546, 1548, 1549, 1550, 1551, 1552, 1554, 1555, 1556, 1558, 1559, 1560, 1561, 1563, 1564, 1568, 1569, 1571, 1572, 1573, 1574, 1575, 1576, 1577, 1578, 1580, 1581, 1582, 1583, 1585, 1586, 1588, 1589, 1590, 1592, 1593, 1595, 1596, 1597, 1598, 1600, 1601, 1603, 1604, 1605, 1607, 1608, 1610, 1611, 1612, 1613, 1614, 1616, 1617, 1618, 1619, 1621, 1622, 1623, 1624, 1626, 1627, 1628, 1630, 1631, 1632, 1633, 1635, 1636, 1638, 1639, 1640, 1642, 1643, 1647, 1648, 1650, 1651, 1652, 1653, 1654, 1655, 1656, 1657, 1658, 1659, 1660, 1661, 1662, 1664, 1665, 1682, 1683, 1685, 1686, 1687, 1689, 1690, 1703, 1704, 1706, 1707, 1708, 1710, 1711, 1712, 1713, 1715, 1716, 1718, 1719, 1720, 1722, 1725, 1726, 1727, 1728, 1730, 1731, 1733, 1734, 1735, 1736, 1738, 1739, 1741, 1742, 1743, 1745, 1746, 1748, 1749, 1750, 1752, 1753, 1755, 1760, 1763, 1764, 1765, 1766, 1768, 1769, 1771, 1772, 1773, 1774, 1775, 1777, 1778, 1779, 1781, 1782, 1783, 1784, 1785, 1787, 1788, 1789, 1791, 1792, 1793, 1794, 1796, 1797, 1799, 1800, 1801, 1803, 1804, 1808, 1809, 1811, 1812, 1813, 1814, 1815, 1816, 1817, 1818, 1819, 1820, 1822, 1823, 1824, 1825, 1827, 1828, 1829, 1831, 1832, 1853, 1854, 1856, 1857, 1858, 1860, 1861, 1862, 1863, 1865, 1866, 1868, 1869, 1870, 1872, 1873, 1875, 1876, 1877, 1878, 1880, 1881, 1883, 1884, 1885, 1887, 1888, 1890, 1891, 1892, 1894, 1895, 1897, 1898, 1899, 1900, 1901, 1903, 1904, 1905, 1907, 1908, 1909, 1910, 1912, 1913, 1915, 1916, 1917, 1919, 1920, 1924, 1925, 1927, 1928, 1929, 1930, 1931, 1932, 1933, 1934, 1936, 1937, 1938, 1939, 1941, 1945, 1946, 1964, 1965, 1967, 1971, 1972, 1973, 1974, 1976, 1979, 1980, 1981, 1983, 1986, 1987, 1988, 1989, 1991, 1994, 1995, 1996, 1998, 2001, 2002, 2003, 2005, 2008, 2009, 2010, 2011, 2012, 2014, 2018, 2023, 2026, 2030, 2035, 2036, 2038, 2039, 2040, 2041, 2042, 2043, 2044, 2045, 2047, 2048, 2049, 2050, 2052, 2053, 2054, 2056, 2057, 2072, 2073, 2075, 2076, 2077, 2079, 2080, 2081, 2082, 2084, 2085, 2087, 2088, 2089, 2091, 2092, 2094, 2095, 2096, 2097, 2099, 2100, 2102, 2103, 2104, 2106, 2107, 2109, 2110, 2111, 2113, 2114, 2116, 2117, 2118, 2119, 2120, 2122, 2123, 2124, 2126, 2131, 2134, 2138, 2143, 2144, 2146, 2147, 2148, 2149, 2150, 2151, 2152, 2153, 2154, 2155, 2157, 2158, 2159, 2160, 2162, 2163, 2164, 2166, 2167, 2181, 2182, 2184, 2185, 2186, 2188, 2189, 2190, 2191, 2193, 2194, 2196, 2197, 2198, 2200, 2201, 2203, 2204, 2205, 2206, 2208, 2209, 2211, 2212, 2213, 2215, 2216, 2218, 2219, 2220, 2222, 2223, 2225, 2226, 2227, 2228, 2229, 2231, 2232, 2233, 2235, 2236, 2237, 2238, 2240, 2241, 2243, 2244, 2245, 2247, 2248, 2252, 2253, 2255, 2256, 2257, 2258, 2259, 2260, 2261, 2262, 2263, 2264, 2266, 2267, 2268, 2269, 2271, 2272, 2273, 2275, 2276, 2289, 2290, 2292, 2293, 2294, 2296, 2297, 2298, 2299, 2301, 2302, 2304, 2305, 2306, 2308, 2309, 2311, 2312, 2313, 2314, 2316, 2317, 2319, 2320, 2321, 2323, 2324, 2326, 2327, 2328, 2330, 2331, 2333, 2334, 2335, 2336, 2337, 2339, 2340, 2341, 2343, 2344, 2345, 2346, 2348, 2349, 2351, 2352, 2353, 2355, 2356, 2360, 2361, 2362, 2364, 2365, 2366, 2368, 2369, 2370, 2372, 2373, 2375, 2376, 2391, 2392, 2394, 2395, 2396, 2398, 2399, 2414, 2415, 2417, 2423, 2424, 2425, 2427, 2428, 2430, 2431, 2432, 2434, 2437, 2438, 2439, 2440, 2442, 2447, 2448, 2449, 2451, 2452, 2453, 2454, 2455, 2456, 2457, 2458, 2459, 2460, 2461, 2463, 2464, 2465, 2466, 2468, 2469, 2471, 2472, 2474, 2475, 2477, 2478, 2479, 2480, 2481, 2483, 2484, 2485, 2487, 2488, 2489, 2490, 2491, 2493, 2496, 2497, 2499, 2500, 2501, 2503, 2504, 2505, 2506, 2507, 2509, 2510, 2511, 2513, 2514, 2515, 2516, 2517, 2519, 2520, 2521, 2523, 2524, 2525, 2526, 2527, 2529, 2532, 2533, 2535, 2536, 2537, 2539, 2540, 2541, 2542, 2543, 2545, 2546, 2547, 2549, 2550, 2551, 2552, 2553, 2555, 2556, 2557, 2559, 2560, 2561, 2562, 2563, 2565, 2566, 2568, 2569, 2571, 2572, 2573, 2574, 2576, 2577, 2578, 2579, 2580, 2582, 2583, 2584, 2586, 2587, 2588, 2589, 2590, 2592, 2593, 2594, 2596, 2597, 2598, 2599, 2600, 2602, 2603, 2604, 2606, 2607, 2608, 2609, 2610, 2612, 2613, 2615, 2616, 2618, 2619, 2620, 2622, 2623, 2624, 2625, 2626, 2628, 2629, 2630, 2632, 2633, 2634, 2635, 2636, 2638, 2639, 2640, 2642, 2643, 2644, 2645, 2646, 2648, 2653, 2654, 2655, 2657, 2658, 2659, 2660, 2661, 2663, 2664, 2689, 2690, 2692, 2693, 2694, 2696, 2697, 2698, 2699, 2701, 2702, 2704, 2705, 2706, 2707, 2709, 2710, 2712, 2713, 2714, 2715, 2717, 2718, 2720, 2721, 2745, 2746, 2747, 2749, 2750, 2751, 2755, 2756, 2757, 2759, 2760, 2762, 2763, 2764, 2765, 2767, 2768, 2769, 2771, 2772, 2773, 2774, 2776, 2777, 2781, 2782, 2783, 2785, 2786, 2787, 2788, 2789, 2791, 2792, 2848, 2849, 2851, 2852, 2853, 2855, 2856, 2857, 2859, 2860, 2862, 2863, 2864, 2865, 2867, 2868, 2870, 2871, 2872, 2873, 2875, 2876, 2878, 2879, 2880, 2881, 2882, 2883, 2885, 2886, 2887, 2891, 2892, 2893, 2895, 2896, 2897, 2898, 2899, 2900, 2901, 2902, 2904, 2905, 2906, 2907, 2909, 2910, 2911, 2913, 2914, 2915, 2916, 2918, 2921, 2922, 2923, 2925, 2926, 2928, 2929, 2930, 2931, 2932, 2934, 2935, 2937, 2938, 2939, 2940, 2942, 2943, 2945, 2946, 2947, 2948, 2950, 2953, 2954, 2955, 2956, 2957, 2959, 2960, 2962, 2963, 2964, 2965, 2966, 2968, 2969, 2973, 2974, 2975, 2977, 2978, 2979, 2980, 2982, 2983, 3002, 3003, 3005, 3009, 3010, 3011, 3012, 3014, 3017, 3018, 3019, 3020, 3022, 3025, 3026, 3027, 3029, 3034, 3035, 3036, 3038, 3039, 3040, 3041, 3042, 3043, 3044, 3045, 3047, 3048, 3049, 3050, 3052, 3053, 3054, 3056, 3057, 3058, 3059, 3061, 3062, 3064, 3065, 3066, 3067, 3069, 3070, 3072, 3073, 3074, 3075, 3077, 3078, 3080, 3081, 3082, 3083, 3085, 3086, 3088, 3089, 3090, 3091, 3093, 3094, 3096, 3097, 3098, 3099, 3100, 3102, 3103, 3104, 3106, 3107, 3108, 3109, 3110, 3112, 3120, 3121, 3128, 3129, 3130, 3132, 3133, 3134, 3135, 3137, 3138, 3139, 3140, 3141, 3142, 3143, 3144, 3145, 3146, 3147, 3148, 3149, 3150, 3151, 3152, 3153, 3154, 3155, 3156, 3158, 3159, 3160, 3161, 3163], "summary": {"covered_lines": 1542, "num_statements": 1786, "percent_covered": 86.33818589025756, "percent_covered_display": "86", "missing_lines": 244, "excluded_lines": 0}, "missing_lines": [29, 30, 33, 37, 38, 39, 41, 43, 44, 45, 49, 50, 51, 58, 59, 60, 62, 63, 69, 70, 76, 77, 78, 79, 80, 81, 94, 95, 96, 98, 99, 100, 101, 103, 114, 115, 116, 174, 404, 424, 535, 536, 537, 538, 539, 540, 541, 542, 543, 544, 545, 546, 559, 641, 643, 644, 645, 646, 647, 649, 651, 652, 653, 655, 656, 657, 658, 659, 660, 663, 664, 665, 667, 668, 669, 670, 671, 672, 673, 674, 675, 676, 677, 679, 680, 681, 682, 683, 684, 685, 687, 690, 691, 692, 694, 695, 696, 697, 698, 699, 700, 702, 703, 704, 705, 706, 708, 709, 710, 711, 712, 714, 717, 718, 719, 721, 722, 723, 724, 725, 726, 727, 728, 731, 732, 733, 734, 735, 737, 741, 742, 743, 745, 746, 747, 748, 749, 750, 751, 752, 753, 755, 756, 765, 767, 768, 769, 770, 771, 773, 774, 775, 776, 777, 779, 780, 781, 782, 783, 785, 786, 787, 789, 790, 791, 792, 793, 795, 796, 797, 798, 799, 801, 864, 872, 1055, 1171, 1172, 1173, 1174, 1175, 1178, 1179, 1180, 1181, 1184, 1185, 1188, 1189, 1190, 1191, 1194, 1195, 1198, 1199, 1200, 1203, 1723, 1756, 1757, 1758, 1761, 1942, 1943, 1968, 1969, 1977, 1984, 1992, 1999, 2006, 2015, 2016, 2019, 2020, 2021, 2024, 2027, 2028, 2031, 2127, 2128, 2129, 2132, 2135, 2136, 2139, 2418, 2419, 2435, 2443, 2494, 2530, 2649, 2919, 2951, 3006, 3007, 3015, 3023, 3030, 3113, 3114, 3164], "excluded_lines": []}}, "totals": {"covered_lines": 1542, "num_statements": 1786, "percent_covered": 86.33818589025756, "percent_covered_display": "86", "missing_lines": 244, "excluded_lines": 0}}